<?xml version="1.0" encoding="UTF-8"?>
<testsuite xmlns:xsi="http://www.w3.org/2001/XMLSchema-instance" xsi:noNamespaceSchemaLocation="https://maven.apache.org/surefire/maven-surefire-plugin/xsd/surefire-test-report-3.0.xsd" version="3.0" name="com.luv2code.springboot.cruddemo.CruddemoApplicationTests" time="10.105" tests="1" errors="0" skipped="0" failures="0">
  <properties>
[...]
</properties>
  <testcase name="contextLoads" classname="com.luv2code.springboot.cruddemo.CruddemoApplicationTests" time="1.103">
    <system-out><![CDATA[01:10:07.799 [main] INFO org.springframework.test.context.support.AnnotationConfigContextLoaderUtils -- Could not detect default configuration classes for test class [com.luv2code.springboot.cruddemo.CruddemoApplicationTests]: CruddemoApplicationTests does not declare any static, non-private, non-final, nested classes annotated with @Configuration.
01:10:08.051 [main] INFO org.springframework.boot.test.context.SpringBootTestContextBootstrapper -- Found @SpringBootConfiguration com.luv2code.springboot.cruddemo.CruddemoApplication for test class com.luv2code.springboot.cruddemo.CruddemoApplicationTests

  .   ____          _            __ _ _
 /\\ / ___'_ __ _ _(_)_ __  __ _ \ \ \ \
( ( )\___ | '_ | '_| | '_ \/ _` | \ \ \ \
 \\/  ___)| |_)| | | | | || (_| |  ) ) ) )
  '  |____| .__|_| |_|_| |_\__, | / / / /
 =========|_|==============|___/=/_/_/_/
 :: Spring Boot ::                (v3.1.1)

2023-07-19T01:10:08.770+03:00  INFO 8712 --- [           main] c.l.s.cruddemo.CruddemoApplicationTests  : Starting CruddemoApplicationTests using Java 19.0.2 with PID 8712 (started by iandr in C:\JavaProjLearn\Spring_Kurs\05-Spring-REST-Security\00-spring-boot-rest-security-employee-starter-code\00-spring-boot-rest-security-employee-starter-code)
2023-07-19T01:10:08.772+03:00  INFO 8712 --- [           main] c.l.s.cruddemo.CruddemoApplicationTests  : No active profile set, falling back to 1 default profile: "default"
2023-07-19T01:10:10.077+03:00  INFO 8712 --- [           main] .s.d.r.c.RepositoryConfigurationDelegate : Bootstrapping Spring Data JPA repositories in DEFAULT mode.
2023-07-19T01:10:10.179+03:00  INFO 8712 --- [           main] .s.d.r.c.RepositoryConfigurationDelegate : Finished Spring Data repository scanning in 85 ms. Found 1 JPA repository interfaces.
2023-07-19T01:10:11.545+03:00  INFO 8712 --- [           main] com.zaxxer.hikari.HikariDataSource       : HikariPool-1 - Starting...
2023-07-19T01:10:12.104+03:00  INFO 8712 --- [           main] com.zaxxer.hikari.pool.HikariPool        : HikariPool-1 - Added connection com.mysql.cj.jdbc.ConnectionImpl@4fa86cb8
2023-07-19T01:10:12.108+03:00  INFO 8712 --- [           main] com.zaxxer.hikari.HikariDataSource       : HikariPool-1 - Start completed.
2023-07-19T01:10:12.209+03:00  INFO 8712 --- [           main] o.hibernate.jpa.internal.util.LogHelper  : HHH000204: Processing PersistenceUnitInfo [name: default]
2023-07-19T01:10:12.381+03:00  INFO 8712 --- [           main] org.hibernate.Version                    : HHH000412: Hibernate ORM core version 6.2.5.Final
2023-07-19T01:10:12.386+03:00  INFO 8712 --- [           main] org.hibernate.cfg.Environment            : HHH000406: Using bytecode reflection optimizer
2023-07-19T01:10:12.799+03:00  INFO 8712 --- [           main] o.h.b.i.BytecodeProviderInitiator        : HHH000021: Bytecode provider name : bytebuddy
2023-07-19T01:10:13.100+03:00  INFO 8712 --- [           main] o.s.o.j.p.SpringPersistenceUnitInfo      : No LoadTimeWeaver setup: ignoring JPA class transformer
2023-07-19T01:10:13.614+03:00  INFO 8712 --- [           main] o.h.b.i.BytecodeProviderInitiator        : HHH000021: Bytecode provider name : bytebuddy
2023-07-19T01:10:14.599+03:00  INFO 8712 --- [           main] o.h.e.t.j.p.i.JtaPlatformInitiator       : HHH000490: Using JtaPlatform implementation: [org.hibernate.engine.transaction.jta.platform.internal.NoJtaPlatform]
2023-07-19T01:10:14.605+03:00  INFO 8712 --- [           main] j.LocalContainerEntityManagerFactoryBean : Initialized JPA EntityManagerFactory for persistence unit 'default'
2023-07-19T01:10:15.296+03:00  WARN 8712 --- [           main] JpaBaseConfiguration$JpaWebConfiguration : spring.jpa.open-in-view is enabled by default. Therefore, database queries may be performed during view rendering. Explicitly configure spring.jpa.open-in-view to disable this warning
2023-07-19T01:10:16.108+03:00  WARN 8712 --- [           main] .s.s.UserDetailsServiceAutoConfiguration : 

Using generated security password: e188370d-075a-4437-b914-89b684bffd2e

This generated password is for development use only. Your security configuration must be updated before running your application in production.

2023-07-19T01:10:16.307+03:00  INFO 8712 --- [           main] o.s.s.web.DefaultSecurityFilterChain     : Will secure any request with [org.springframework.security.web.session.DisableEncodeUrlFilter@341c0dfc, org.springframework.security.web.context.request.async.WebAsyncManagerIntegrationFilter@7e0b68e5, org.springframework.security.web.context.SecurityContextHolderFilter@1abd1a28, org.springframework.security.web.header.HeaderWriterFilter@74ed7111, org.springframework.security.web.csrf.CsrfFilter@55a5eea3, org.springframework.security.web.authentication.logout.LogoutFilter@2eb73a42, org.springframework.security.web.authentication.UsernamePasswordAuthenticationFilter@22349ad3, org.springframework.security.web.authentication.ui.DefaultLoginPageGeneratingFilter@743f58c3, org.springframework.security.web.authentication.ui.DefaultLogoutPageGeneratingFilter@507fecf3, org.springframework.security.web.authentication.www.BasicAuthenticationFilter@2e2c9e24, org.springframework.security.web.savedrequest.RequestCacheAwareFilter@39a1e1e6, org.springframework.security.web.servletapi.SecurityContextHolderAwareRequestFilter@50fe5df2, org.springframework.security.web.authentication.AnonymousAuthenticationFilter@3f1d4ecf, org.springframework.security.web.access.ExceptionTranslationFilter@45a05350, org.springframework.security.web.access.intercept.AuthorizationFilter@7156f8cf]
2023-07-19T01:10:16.457+03:00  INFO 8712 --- [           main] c.l.s.cruddemo.CruddemoApplicationTests  : Started CruddemoApplicationTests in 8.178 seconds (process running for 10.995)
]]></system-out>
  </testcase>
</testsuite>